2017-08-06 10:55:28 FATAL InitiazeDrivers:35 - Initilizing Firefox browser
2017-08-06 10:55:28 ERROR InitiazeDrivers:36 - Initilizing Firefox browser
2017-08-06 10:55:28 WARN  InitiazeDrivers:37 - Initilizing Firefox browser
2017-08-06 10:55:28 INFO  InitiazeDrivers:38 - Initilizing Firefox browser

2017-08-06 10:57:24 FATAL InitiazeDrivers:35 - Initilizing Firefox browser
2017-08-06 10:57:24 ERROR InitiazeDrivers:36 - Initilizing Firefox browser
2017-08-06 10:57:24 WARN  InitiazeDrivers:37 - Initilizing Firefox browser
2017-08-06 10:57:24 INFO  InitiazeDrivers:38 - Initilizing Firefox browser
2017-08-06 10:57:24 DEBUG InitiazeDrivers:39 - Initilizing Firefox browser
2017-08-06 10:57:24 TRACE InitiazeDrivers:40 - Initilizing Firefox browser
2017-08-06 11:00:20 FATAL InitiazeDrivers:35 - Initilizing Firefox browser
2017-08-06 11:00:20 ERROR InitiazeDrivers:36 - Initilizing Firefox browser
2017-08-06 11:00:20 WARN  InitiazeDrivers:37 - Initilizing Firefox browser
2017-08-06 11:00:20 INFO  InitiazeDrivers:38 - Initilizing Firefox browser
2017-08-06 11:00:20 DEBUG InitiazeDrivers:39 - Initilizing Firefox browser
2017-08-06 11:00:20 TRACE InitiazeDrivers:40 - Initilizing Firefox browser
2017-08-06 11:00:33 FATAL InitiazeDrivers:35 - Initilizing Firefox browser
2017-08-06 11:00:33 ERROR InitiazeDrivers:36 - Initilizing Firefox browser
2017-08-06 11:00:33 WARN  InitiazeDrivers:37 - Initilizing Firefox browser
2017-08-06 11:00:33 INFO  InitiazeDrivers:38 - Initilizing Firefox browser
2017-08-06 11:00:33 DEBUG InitiazeDrivers:39 - Initilizing Firefox browser
2017-08-06 11:00:33 TRACE InitiazeDrivers:40 - Initilizing Firefox browser
2017-08-06 11:17:56 FATAL InitiazeDrivers:35 - Initilizing Firefox browser
2017-08-06 11:17:56 ERROR InitiazeDrivers:36 - Initilizing Firefox browser
2017-08-06 11:17:56 WARN  InitiazeDrivers:37 - Initilizing Firefox browser
2017-08-06 11:17:56 INFO  InitiazeDrivers:38 - Initilizing Firefox browser
2017-08-06 11:17:56 DEBUG InitiazeDrivers:39 - Initilizing Firefox browser
2017-08-06 11:17:56 TRACE InitiazeDrivers:40 - Initilizing Firefox browser
2017-08-06 11:18:20 INFO  PracticeFormPO:67 - C:\Users\Progvaltion_11\Desktop\Other\demo1.txt
2017-08-06 11:19:13 FATAL InitiazeDrivers:35 - Initilizing Firefox browser
2017-08-06 11:19:13 ERROR InitiazeDrivers:36 - Initilizing Firefox browser
2017-08-06 11:19:13 WARN  InitiazeDrivers:37 - Initilizing Firefox browser
2017-08-06 11:19:13 INFO  InitiazeDrivers:38 - Initilizing Firefox browser
2017-08-06 11:19:13 DEBUG InitiazeDrivers:39 - Initilizing Firefox browser
2017-08-06 11:19:13 TRACE InitiazeDrivers:40 - Initilizing Firefox browser
2017-08-06 11:19:41 INFO  PracticeFormPO:69 - C:\Users\Progvaltion_11\Desktop\Other\demo1.txt
2017-08-06 11:20:25 FATAL InitiazeDrivers:35 - Initilizing Firefox browser
2017-08-06 11:20:25 ERROR InitiazeDrivers:36 - Initilizing Firefox browser
2017-08-06 11:20:25 WARN  InitiazeDrivers:37 - Initilizing Firefox browser
2017-08-06 11:20:25 INFO  InitiazeDrivers:38 - Initilizing Firefox browser
2017-08-06 11:20:25 DEBUG InitiazeDrivers:39 - Initilizing Firefox browser
2017-08-06 11:20:25 TRACE InitiazeDrivers:40 - Initilizing Firefox browser
2017-08-06 11:20:48 INFO  PracticeFormPO:69 - C:\Users\Progvaltion_11\Desktop\Other\demo1.txt
2017-08-06 11:21:37 FATAL InitiazeDrivers:35 - Initilizing Firefox browser
2017-08-06 11:21:37 ERROR InitiazeDrivers:36 - Initilizing Firefox browser
2017-08-06 11:21:37 WARN  InitiazeDrivers:37 - Initilizing Firefox browser
2017-08-06 11:21:37 INFO  InitiazeDrivers:38 - Initilizing Firefox browser
2017-08-06 11:21:37 DEBUG InitiazeDrivers:39 - Initilizing Firefox browser
2017-08-06 11:21:37 TRACE InitiazeDrivers:40 - Initilizing Firefox browser
2017-08-06 11:28:24 FATAL InitiazeDrivers:36 - Initilizing Firefox browser
2017-08-06 11:28:24 ERROR InitiazeDrivers:37 - Initilizing Firefox browser
2017-08-06 11:28:24 WARN  InitiazeDrivers:38 - Initilizing Firefox browser
2017-08-06 11:28:24 INFO  InitiazeDrivers:39 - Initilizing Firefox browser
2017-08-06 11:28:24 DEBUG InitiazeDrivers:40 - Initilizing Firefox browser
2017-08-06 11:28:24 TRACE InitiazeDrivers:41 - Initilizing Firefox browser
2017-08-06 11:31:20 FATAL InitiazeDrivers:36 - Initilizing Firefox browser
2017-08-06 11:31:20 ERROR InitiazeDrivers:37 - Initilizing Firefox browser
2017-08-06 11:31:20 WARN  InitiazeDrivers:38 - Initilizing Firefox browser
2017-08-06 11:31:20 INFO  InitiazeDrivers:39 - Initilizing Firefox browser
2017-08-06 11:31:20 DEBUG InitiazeDrivers:40 - Initilizing Firefox browser
2017-08-06 11:31:20 TRACE InitiazeDrivers:41 - Initilizing Firefox browser
2017-08-06 11:32:08 FATAL InitiazeDrivers:36 - Initilizing Firefox browser
2017-08-06 11:32:08 ERROR InitiazeDrivers:37 - Initilizing Firefox browser
2017-08-06 11:32:08 WARN  InitiazeDrivers:38 - Initilizing Firefox browser
2017-08-06 11:32:08 INFO  InitiazeDrivers:39 - Initilizing Firefox browser
2017-08-06 11:32:08 DEBUG InitiazeDrivers:40 - Initilizing Firefox browser
2017-08-06 11:32:08 TRACE InitiazeDrivers:41 - Initilizing Firefox browser
2017-08-06 11:32:42 FATAL InitiazeDrivers:36 - Initilizing Firefox browser
2017-08-06 11:32:42 ERROR InitiazeDrivers:37 - Initilizing Firefox browser
2017-08-06 11:32:42 WARN  InitiazeDrivers:38 - Initilizing Firefox browser
2017-08-06 11:32:42 INFO  InitiazeDrivers:39 - Initilizing Firefox browser
2017-08-06 11:32:42 DEBUG InitiazeDrivers:40 - Initilizing Firefox browser
2017-08-06 11:32:42 TRACE InitiazeDrivers:41 - Initilizing Firefox browser
2017-08-06 13:09:24 FATAL InitiazeDrivers:40 - Initilizing Firefox browser
2017-08-06 13:09:24 ERROR InitiazeDrivers:41 - Initilizing Firefox browser
2017-08-06 13:09:24 WARN  InitiazeDrivers:42 - Initilizing Firefox browser
2017-08-06 13:09:24 INFO  InitiazeDrivers:43 - Initilizing Firefox browser
2017-08-06 13:09:24 DEBUG InitiazeDrivers:44 - Initilizing Firefox browser
2017-08-06 13:09:24 TRACE InitiazeDrivers:45 - Initilizing Firefox browser
2017-08-06 13:09:25 FATAL InitiazeDrivers:40 - Initilizing Firefox browser
2017-08-06 13:09:25 ERROR InitiazeDrivers:41 - Initilizing Firefox browser
2017-08-06 13:09:25 WARN  InitiazeDrivers:42 - Initilizing Firefox browser
2017-08-06 13:09:25 INFO  InitiazeDrivers:43 - Initilizing Firefox browser
2017-08-06 13:09:25 DEBUG InitiazeDrivers:44 - Initilizing Firefox browser
2017-08-06 13:09:25 TRACE InitiazeDrivers:45 - Initilizing Firefox browser
2017-08-06 13:09:25 FATAL InitiazeDrivers:40 - Initilizing Firefox browser
2017-08-06 13:09:25 ERROR InitiazeDrivers:41 - Initilizing Firefox browser
2017-08-06 13:09:25 WARN  InitiazeDrivers:42 - Initilizing Firefox browser
2017-08-06 13:09:25 INFO  InitiazeDrivers:43 - Initilizing Firefox browser
2017-08-06 13:09:25 DEBUG InitiazeDrivers:44 - Initilizing Firefox browser
2017-08-06 13:09:25 TRACE InitiazeDrivers:45 - Initilizing Firefox browser
2017-08-06 13:09:25 FATAL InitiazeDrivers:40 - Initilizing Firefox browser
2017-08-06 13:09:25 ERROR InitiazeDrivers:41 - Initilizing Firefox browser
2017-08-06 13:09:25 WARN  InitiazeDrivers:42 - Initilizing Firefox browser
2017-08-06 13:09:25 INFO  InitiazeDrivers:43 - Initilizing Firefox browser
2017-08-06 13:09:25 DEBUG InitiazeDrivers:44 - Initilizing Firefox browser
2017-08-06 13:09:25 TRACE InitiazeDrivers:45 - Initilizing Firefox browser
2017-08-06 13:09:25 FATAL InitiazeDrivers:40 - Initilizing Firefox browser
2017-08-06 13:09:25 ERROR InitiazeDrivers:41 - Initilizing Firefox browser
2017-08-06 13:09:25 WARN  InitiazeDrivers:42 - Initilizing Firefox browser
2017-08-06 13:09:25 INFO  InitiazeDrivers:43 - Initilizing Firefox browser
2017-08-06 13:09:25 DEBUG InitiazeDrivers:44 - Initilizing Firefox browser
2017-08-06 13:09:25 TRACE InitiazeDrivers:45 - Initilizing Firefox browser
2017-08-06 13:10:11 FATAL InitiazeDrivers:40 - Initilizing Firefox browser
2017-08-06 13:10:11 ERROR InitiazeDrivers:41 - Initilizing Firefox browser
2017-08-06 13:10:11 WARN  InitiazeDrivers:42 - Initilizing Firefox browser
2017-08-06 13:10:11 INFO  InitiazeDrivers:43 - Initilizing Firefox browser
2017-08-06 13:10:11 DEBUG InitiazeDrivers:44 - Initilizing Firefox browser
2017-08-06 13:10:11 TRACE InitiazeDrivers:45 - Initilizing Firefox browser
2017-08-06 13:10:11 FATAL InitiazeDrivers:40 - Initilizing Firefox browser
2017-08-06 13:10:11 ERROR InitiazeDrivers:41 - Initilizing Firefox browser
2017-08-06 13:10:11 WARN  InitiazeDrivers:42 - Initilizing Firefox browser
2017-08-06 13:10:11 INFO  InitiazeDrivers:43 - Initilizing Firefox browser
2017-08-06 13:10:11 DEBUG InitiazeDrivers:44 - Initilizing Firefox browser
2017-08-06 13:10:11 TRACE InitiazeDrivers:45 - Initilizing Firefox browser
2017-08-06 13:10:11 FATAL InitiazeDrivers:40 - Initilizing Firefox browser
2017-08-06 13:10:11 ERROR InitiazeDrivers:41 - Initilizing Firefox browser
2017-08-06 13:10:11 WARN  InitiazeDrivers:42 - Initilizing Firefox browser
2017-08-06 13:10:11 INFO  InitiazeDrivers:43 - Initilizing Firefox browser
2017-08-06 13:10:11 DEBUG InitiazeDrivers:44 - Initilizing Firefox browser
2017-08-06 13:10:11 TRACE InitiazeDrivers:45 - Initilizing Firefox browser
2017-08-06 13:10:11 FATAL InitiazeDrivers:40 - Initilizing Firefox browser
2017-08-06 13:10:11 ERROR InitiazeDrivers:41 - Initilizing Firefox browser
2017-08-06 13:10:11 WARN  InitiazeDrivers:42 - Initilizing Firefox browser
2017-08-06 13:10:11 INFO  InitiazeDrivers:43 - Initilizing Firefox browser
2017-08-06 13:10:11 DEBUG InitiazeDrivers:44 - Initilizing Firefox browser
2017-08-06 13:10:11 TRACE InitiazeDrivers:45 - Initilizing Firefox browser
2017-08-06 13:10:12 FATAL InitiazeDrivers:40 - Initilizing Firefox browser
2017-08-06 13:10:12 ERROR InitiazeDrivers:41 - Initilizing Firefox browser
2017-08-06 13:10:12 WARN  InitiazeDrivers:42 - Initilizing Firefox browser
2017-08-06 13:10:12 INFO  InitiazeDrivers:43 - Initilizing Firefox browser
2017-08-06 13:10:12 DEBUG InitiazeDrivers:44 - Initilizing Firefox browser
2017-08-06 13:10:12 TRACE InitiazeDrivers:45 - Initilizing Firefox browser
2017-08-06 13:11:10 FATAL InitiazeDrivers:40 - Initilizing Firefox browser
2017-08-06 13:11:10 ERROR InitiazeDrivers:41 - Initilizing Firefox browser
2017-08-06 13:11:10 WARN  InitiazeDrivers:42 - Initilizing Firefox browser
2017-08-06 13:11:10 INFO  InitiazeDrivers:43 - Initilizing Firefox browser
2017-08-06 13:11:10 DEBUG InitiazeDrivers:44 - Initilizing Firefox browser
2017-08-06 13:11:10 TRACE InitiazeDrivers:45 - Initilizing Firefox browser
2017-08-06 13:11:20 INFO  OrangeHRMLogin:37 - Username > Admin
2017-08-06 13:11:20 INFO  OrangeHRMLogin:38 - Password > admin
2017-08-06 13:11:23 FATAL InitiazeDrivers:40 - Initilizing Firefox browser
2017-08-06 13:11:23 ERROR InitiazeDrivers:41 - Initilizing Firefox browser
2017-08-06 13:11:23 WARN  InitiazeDrivers:42 - Initilizing Firefox browser
2017-08-06 13:11:23 INFO  InitiazeDrivers:43 - Initilizing Firefox browser
2017-08-06 13:11:23 DEBUG InitiazeDrivers:44 - Initilizing Firefox browser
2017-08-06 13:11:23 TRACE InitiazeDrivers:45 - Initilizing Firefox browser
2017-08-06 13:11:33 INFO  OrangeHRMLogin:37 - Username > Admin
2017-08-06 13:11:33 INFO  OrangeHRMLogin:38 - Password > admin21321
2017-08-06 13:11:36 FATAL InitiazeDrivers:40 - Initilizing Firefox browser
2017-08-06 13:11:36 ERROR InitiazeDrivers:41 - Initilizing Firefox browser
2017-08-06 13:11:36 WARN  InitiazeDrivers:42 - Initilizing Firefox browser
2017-08-06 13:11:36 INFO  InitiazeDrivers:43 - Initilizing Firefox browser
2017-08-06 13:11:36 DEBUG InitiazeDrivers:44 - Initilizing Firefox browser
2017-08-06 13:11:36 TRACE InitiazeDrivers:45 - Initilizing Firefox browser
2017-08-06 13:11:45 INFO  OrangeHRMLogin:37 - Username > 
2017-08-06 13:11:45 INFO  OrangeHRMLogin:38 - Password > admin
2017-08-06 13:11:46 FATAL InitiazeDrivers:40 - Initilizing Firefox browser
2017-08-06 13:11:46 ERROR InitiazeDrivers:41 - Initilizing Firefox browser
2017-08-06 13:11:46 WARN  InitiazeDrivers:42 - Initilizing Firefox browser
2017-08-06 13:11:46 INFO  InitiazeDrivers:43 - Initilizing Firefox browser
2017-08-06 13:11:46 DEBUG InitiazeDrivers:44 - Initilizing Firefox browser
2017-08-06 13:11:46 TRACE InitiazeDrivers:45 - Initilizing Firefox browser
2017-08-06 13:11:54 INFO  OrangeHRMLogin:37 - Username > Admin
2017-08-06 13:11:54 INFO  OrangeHRMLogin:38 - Password > 
2017-08-06 13:11:56 FATAL InitiazeDrivers:40 - Initilizing Firefox browser
2017-08-06 13:11:56 ERROR InitiazeDrivers:41 - Initilizing Firefox browser
2017-08-06 13:11:56 WARN  InitiazeDrivers:42 - Initilizing Firefox browser
2017-08-06 13:11:56 INFO  InitiazeDrivers:43 - Initilizing Firefox browser
2017-08-06 13:11:56 DEBUG InitiazeDrivers:44 - Initilizing Firefox browser
2017-08-06 13:11:56 TRACE InitiazeDrivers:45 - Initilizing Firefox browser
2017-08-06 13:12:06 INFO  OrangeHRMLogin:37 - Username > 
2017-08-06 13:12:06 INFO  OrangeHRMLogin:38 - Password > 
2017-08-06 13:14:16 FATAL InitiazeDrivers:40 - Initilizing Firefox browser
2017-08-06 13:14:16 ERROR InitiazeDrivers:41 - Initilizing Firefox browser
2017-08-06 13:14:16 WARN  InitiazeDrivers:42 - Initilizing Firefox browser
2017-08-06 13:14:16 INFO  InitiazeDrivers:43 - Initilizing Firefox browser
2017-08-06 13:14:16 DEBUG InitiazeDrivers:44 - Initilizing Firefox browser
2017-08-06 13:14:16 TRACE InitiazeDrivers:45 - Initilizing Firefox browser
2017-08-06 13:14:29 INFO  OrangeHRMLogin:37 - Username > Admin
2017-08-06 13:14:29 INFO  OrangeHRMLogin:38 - Password > admin
2017-08-06 13:14:33 FATAL InitiazeDrivers:40 - Initilizing Firefox browser
2017-08-06 13:14:33 ERROR InitiazeDrivers:41 - Initilizing Firefox browser
2017-08-06 13:14:33 WARN  InitiazeDrivers:42 - Initilizing Firefox browser
2017-08-06 13:14:33 INFO  InitiazeDrivers:43 - Initilizing Firefox browser
2017-08-06 13:14:33 DEBUG InitiazeDrivers:44 - Initilizing Firefox browser
2017-08-06 13:14:33 TRACE InitiazeDrivers:45 - Initilizing Firefox browser
2017-08-06 13:14:42 INFO  OrangeHRMLogin:37 - Username > Admin
2017-08-06 13:14:42 INFO  OrangeHRMLogin:38 - Password > admin21321
2017-08-06 13:14:46 FATAL InitiazeDrivers:40 - Initilizing Firefox browser
2017-08-06 13:14:46 ERROR InitiazeDrivers:41 - Initilizing Firefox browser
2017-08-06 13:14:46 WARN  InitiazeDrivers:42 - Initilizing Firefox browser
2017-08-06 13:14:46 INFO  InitiazeDrivers:43 - Initilizing Firefox browser
2017-08-06 13:14:46 DEBUG InitiazeDrivers:44 - Initilizing Firefox browser
2017-08-06 13:14:46 TRACE InitiazeDrivers:45 - Initilizing Firefox browser
2017-08-06 13:14:57 INFO  OrangeHRMLogin:37 - Username > 
2017-08-06 13:14:57 INFO  OrangeHRMLogin:38 - Password > admin
2017-08-06 13:14:58 FATAL InitiazeDrivers:40 - Initilizing Firefox browser
2017-08-06 13:14:58 ERROR InitiazeDrivers:41 - Initilizing Firefox browser
2017-08-06 13:14:58 WARN  InitiazeDrivers:42 - Initilizing Firefox browser
2017-08-06 13:14:58 INFO  InitiazeDrivers:43 - Initilizing Firefox browser
2017-08-06 13:14:58 DEBUG InitiazeDrivers:44 - Initilizing Firefox browser
2017-08-06 13:14:58 TRACE InitiazeDrivers:45 - Initilizing Firefox browser
2017-08-06 13:15:07 INFO  OrangeHRMLogin:37 - Username > Admin
2017-08-06 13:15:07 INFO  OrangeHRMLogin:38 - Password > 
2017-08-06 13:15:08 FATAL InitiazeDrivers:40 - Initilizing Firefox browser
2017-08-06 13:15:08 ERROR InitiazeDrivers:41 - Initilizing Firefox browser
2017-08-06 13:15:08 WARN  InitiazeDrivers:42 - Initilizing Firefox browser
2017-08-06 13:15:08 INFO  InitiazeDrivers:43 - Initilizing Firefox browser
2017-08-06 13:15:08 DEBUG InitiazeDrivers:44 - Initilizing Firefox browser
2017-08-06 13:15:08 TRACE InitiazeDrivers:45 - Initilizing Firefox browser
2017-08-06 13:15:18 INFO  OrangeHRMLogin:37 - Username > 
2017-08-06 13:15:18 INFO  OrangeHRMLogin:38 - Password > 
